<?xml version="1.0" encoding="UTF-8"?>
<!-- Generated by org.testng.reporters.JUnitReportReporter -->
<testsuite hostname="DESKTOP-PKKMISS" failures="0" tests="3" name="com.facbook.testcases.LoginPageTest" time="27.543" errors="0" timestamp="2020-07-10T23:08:06 EDT" skipped="0">
  <testcase classname="com.facbook.testcases.LoginPageTest" name="loginPageTitleTest" time="7.870"/>
  <system-out/>
  <testcase classname="com.facbook.testcases.LoginPageTest" name="faceBookLogoTest" time="7.165"/>
  <system-out/>
  <testcase classname="com.facbook.testcases.LoginPageTest" name="loginTest" time="12.508"/>
  <system-out/>
</testsuite> <!-- com.facbook.testcases.LoginPageTest -->
