<?xml version="1.0" encoding="UTF-8"?>
<!-- Generated by org.testng.reporters.JUnitReportReporter -->
<testsuite hostname="DESKTOP-PKKMISS" failures="0" tests="3" name="com.facbook.testcases.LoginPageTest" time="31.313" errors="0" timestamp="2020-07-04T20:40:55 EDT" skipped="0">
  <testcase classname="com.facbook.testcases.LoginPageTest" name="loginPageTitleTest" time="8.542"/>
  <system-out/>
  <testcase classname="com.facbook.testcases.LoginPageTest" name="faceBookLogoTest" time="7.598"/>
  <system-out/>
  <testcase classname="com.facbook.testcases.LoginPageTest" name="loginTest" time="15.173"/>
  <system-out/>
</testsuite> <!-- com.facbook.testcases.LoginPageTest -->
