<?xml version="1.0" encoding="UTF-8"?>
<!-- Generated by org.testng.reporters.JUnitReportReporter -->
<testsuite hostname="DESKTOP-PKKMISS" failures="0" tests="4" name="com.facbook.testcases.HomePageTest" time="63.933" errors="0" timestamp="2020-07-05T13:25:27 EDT" skipped="0">
  <testcase classname="com.facbook.testcases.HomePageTest" name="verifyHomePageTitleTest" time="12.913"/>
  <system-out/>
  <testcase classname="com.facbook.testcases.HomePageTest" name="verifyCorrectUsernameTest" time="13.114"/>
  <system-out/>
  <testcase classname="com.facbook.testcases.HomePageTest" name="verifyMarketplacelinktest" time="17.009"/>
  <system-out/>
  <testcase classname="com.facbook.testcases.HomePageTest" name="verifyPagepagelinkTest" time="20.897"/>
  <system-out/>
</testsuite> <!-- com.facbook.testcases.HomePageTest -->
