<?xml version="1.0" encoding="UTF-8"?>
<!-- Generated by org.testng.reporters.JUnitReportReporter -->
<testsuite hostname="DESKTOP-PKKMISS" failures="0" tests="3" name="com.facbook.testcases.LoginPageTest" time="28.481" errors="0" timestamp="2020-07-05T13:14:28 EDT" skipped="0">
  <testcase classname="com.facbook.testcases.LoginPageTest" name="loginPageTitleTest" time="7.603"/>
  <system-out/>
  <testcase classname="com.facbook.testcases.LoginPageTest" name="faceBookLogoTest" time="7.418"/>
  <system-out/>
  <testcase classname="com.facbook.testcases.LoginPageTest" name="loginTest" time="13.460"/>
  <system-out/>
</testsuite> <!-- com.facbook.testcases.LoginPageTest -->
